This file contains any messages produced by compilers while
running configure, to aid debugging if configure makes a mistake.

It was created by C Algorithms configure 1.2.0, which was
generated by GNU Autoconf 2.68.  Invocation command line was

  $ ./configure --prefix /home/cocui/bin/

## --------- ##
## Platform. ##
## --------- ##

hostname = ubuntu
uname -m = i686
uname -r = 3.2.0-89-generic-pae
uname -s = Linux
uname -v = #127-Ubuntu SMP Tue Jul 28 09:52:21 UTC 2015

/usr/bin/uname -p = unknown
/bin/uname -X     = unknown

/bin/arch              = unknown
/usr/bin/arch -k       = unknown
/usr/convex/getsysinfo = unknown
/usr/bin/hostinfo      = unknown
/bin/machine           = unknown
/usr/bin/oslevel       = unknown
/bin/universe          = unknown

PATH: /usr/lib/lightdm/lightdm
PATH: /usr/local/sbin
PATH: /usr/local/bin
PATH: /usr/sbin
PATH: /usr/bin
PATH: /sbin
PATH: /bin
PATH: /usr/games


## ----------- ##
## Core tests. ##
## ----------- ##

configure:2277: checking for a BSD-compatible install
configure:2345: result: /usr/bin/install -c
configure:2356: checking whether build environment is sane
configure:2406: result: yes
configure:2547: checking for a thread-safe mkdir -p
configure:2586: result: /bin/mkdir -p
configure:2599: checking for gawk
configure:2629: result: no
configure:2599: checking for mawk
configure:2615: found /usr/bin/mawk
configure:2626: result: mawk
configure:2637: checking whether make sets $(MAKE)
configure:2659: result: yes
configure:2779: checking for gcc
configure:2795: found /usr/bin/gcc
configure:2806: result: gcc
configure:3035: checking for C compiler version
configure:3044: gcc --version >&5
gcc (Ubuntu/Linaro 4.6.3-1ubuntu5) 4.6.3
Copyright (C) 2011 Free Software Foundation, Inc.
This is free software; see the source for copying conditions.  There is NO
warranty; not even for MERCHANTABILITY or FITNESS FOR A PARTICULAR PURPOSE.

configure:3055: $? = 0
configure:3044: gcc -v >&5
Using built-in specs.
COLLECT_GCC=gcc
COLLECT_LTO_WRAPPER=/usr/lib/gcc/i686-linux-gnu/4.6/lto-wrapper
Target: i686-linux-gnu
Configured with: ../src/configure -v --with-pkgversion='Ubuntu/Linaro 4.6.3-1ubuntu5' --with-bugurl=file:///usr/share/doc/gcc-4.6/README.Bugs --enable-languages=c,c++,fortran,objc,obj-c++ --prefix=/usr --program-suffix=-4.6 --enable-shared --enable-linker-build-id --with-system-zlib --libexecdir=/usr/lib --without-included-gettext --enable-threads=posix --with-gxx-include-dir=/usr/include/c++/4.6 --libdir=/usr/lib --enable-nls --with-sysroot=/ --enable-clocale=gnu --enable-libstdcxx-debug --enable-libstdcxx-time=yes --enable-gnu-unique-object --enable-plugin --enable-objc-gc --enable-targets=all --disable-werror --with-arch-32=i686 --with-tune=generic --enable-checking=release --build=i686-linux-gnu --host=i686-linux-gnu --target=i686-linux-gnu
Thread model: posix
gcc version 4.6.3 (Ubuntu/Linaro 4.6.3-1ubuntu5) 
configure:3055: $? = 0
configure:3044: gcc -V >&5
gcc: error: unrecognized option '-V'
gcc: fatal error: no input files
compilation terminated.
configure:3055: $? = 4
configure:3044: gcc -qversion >&5
gcc: error: unrecognized option '-qversion'
gcc: fatal error: no input files
compilation terminated.
configure:3055: $? = 4
configure:3075: checking whether the C compiler works
configure:3097: gcc    conftest.c  >&5
configure:3101: $? = 0
configure:3149: result: yes
configure:3152: checking for C compiler default output file name
configure:3154: result: a.out
configure:3160: checking for suffix of executables
configure:3167: gcc -o conftest    conftest.c  >&5
configure:3171: $? = 0
configure:3193: result: 
configure:3215: checking whether we are cross compiling
configure:3223: gcc -o conftest    conftest.c  >&5
configure:3227: $? = 0
configure:3234: ./conftest
configure:3238: $? = 0
configure:3253: result: no
configure:3258: checking for suffix of object files
configure:3280: gcc -c   conftest.c >&5
configure:3284: $? = 0
configure:3305: result: o
configure:3309: checking whether we are using the GNU C compiler
configure:3328: gcc -c   conftest.c >&5
configure:3328: $? = 0
configure:3337: result: yes
configure:3346: checking whether gcc accepts -g
configure:3366: gcc -c -g  conftest.c >&5
configure:3366: $? = 0
configure:3407: result: yes
configure:3424: checking for gcc option to accept ISO C89
configure:3488: gcc  -c -g -O2  conftest.c >&5
configure:3488: $? = 0
configure:3501: result: none needed
configure:3532: checking for style of include used by make
configure:3560: result: GNU
configure:3586: checking dependency style of gcc
configure:3697: result: gcc3
configure:3770: checking for g++
configure:3786: found /usr/bin/g++
configure:3797: result: g++
configure:3824: checking for C++ compiler version
configure:3833: g++ --version >&5
g++ (Ubuntu/Linaro 4.6.3-1ubuntu5) 4.6.3
Copyright (C) 2011 Free Software Foundation, Inc.
This is free software; see the source for copying conditions.  There is NO
warranty; not even for MERCHANTABILITY or FITNESS FOR A PARTICULAR PURPOSE.

configure:3844: $? = 0
configure:3833: g++ -v >&5
Using built-in specs.
COLLECT_GCC=g++
COLLECT_LTO_WRAPPER=/usr/lib/gcc/i686-linux-gnu/4.6/lto-wrapper
Target: i686-linux-gnu
Configured with: ../src/configure -v --with-pkgversion='Ubuntu/Linaro 4.6.3-1ubuntu5' --with-bugurl=file:///usr/share/doc/gcc-4.6/README.Bugs --enable-languages=c,c++,fortran,objc,obj-c++ --prefix=/usr --program-suffix=-4.6 --enable-shared --enable-linker-build-id --with-system-zlib --libexecdir=/usr/lib --without-included-gettext --enable-threads=posix --with-gxx-include-dir=/usr/include/c++/4.6 --libdir=/usr/lib --enable-nls --with-sysroot=/ --enable-clocale=gnu --enable-libstdcxx-debug --enable-libstdcxx-time=yes --enable-gnu-unique-object --enable-plugin --enable-objc-gc --enable-targets=all --disable-werror --with-arch-32=i686 --with-tune=generic --enable-checking=release --build=i686-linux-gnu --host=i686-linux-gnu --target=i686-linux-gnu
Thread model: posix
gcc version 4.6.3 (Ubuntu/Linaro 4.6.3-1ubuntu5) 
configure:3844: $? = 0
configure:3833: g++ -V >&5
g++: error: unrecognized option '-V'
g++: fatal error: no input files
compilation terminated.
configure:3844: $? = 4
configure:3833: g++ -qversion >&5
g++: error: unrecognized option '-qversion'
g++: fatal error: no input files
compilation terminated.
configure:3844: $? = 4
configure:3848: checking whether we are using the GNU C++ compiler
configure:3867: g++ -c   conftest.cpp >&5
configure:3867: $? = 0
configure:3876: result: yes
configure:3885: checking whether g++ accepts -g
configure:3905: g++ -c -g  conftest.cpp >&5
configure:3905: $? = 0
configure:3946: result: yes
configure:3971: checking dependency style of g++
configure:4082: result: gcc3
configure:4126: checking build system type
configure:4140: result: i686-pc-linux-gnu
configure:4160: checking host system type
configure:4173: result: i686-pc-linux-gnu
configure:4214: checking how to print strings
configure:4241: result: printf
configure:4262: checking for a sed that does not truncate output
configure:4326: result: /bin/sed
configure:4344: checking for grep that handles long lines and -e
configure:4402: result: /bin/grep
configure:4407: checking for egrep
configure:4469: result: /bin/grep -E
configure:4474: checking for fgrep
configure:4536: result: /bin/grep -F
configure:4571: checking for ld used by gcc
configure:4638: result: /usr/bin/ld
configure:4645: checking if the linker (/usr/bin/ld) is GNU ld
configure:4660: result: yes
configure:4672: checking for BSD- or MS-compatible name lister (nm)
configure:4721: result: /usr/bin/nm -B
configure:4851: checking the name lister (/usr/bin/nm -B) interface
configure:4858: gcc -c -g -O2  conftest.c >&5
configure:4861: /usr/bin/nm -B "conftest.o"
configure:4864: output
00000000 B some_variable
configure:4871: result: BSD nm
configure:4874: checking whether ln -s works
configure:4878: result: yes
configure:4886: checking the maximum length of command line arguments
configure:5016: result: 1572864
configure:5033: checking whether the shell understands some XSI constructs
configure:5043: result: yes
configure:5047: checking whether the shell understands "+="
configure:5053: result: yes
configure:5088: checking how to convert i686-pc-linux-gnu file names to i686-pc-linux-gnu format
configure:5128: result: func_convert_file_noop
configure:5135: checking how to convert i686-pc-linux-gnu file names to toolchain format
configure:5155: result: func_convert_file_noop
configure:5162: checking for /usr/bin/ld option to reload object files
configure:5169: result: -r
configure:5243: checking for objdump
configure:5259: found /usr/bin/objdump
configure:5270: result: objdump
configure:5302: checking how to recognize dependent libraries
configure:5504: result: pass_all
configure:5589: checking for dlltool
configure:5619: result: no
configure:5649: checking how to associate runtime and link libraries
configure:5676: result: printf %s\n
configure:5737: checking for ar
configure:5753: found /usr/bin/ar
configure:5764: result: ar
configure:5801: checking for archiver @FILE support
configure:5818: gcc -c -g -O2  conftest.c >&5
configure:5818: $? = 0
configure:5821: ar cru libconftest.a @conftest.lst >&5
configure:5824: $? = 0
configure:5829: ar cru libconftest.a @conftest.lst >&5
ar: conftest.o: No such file or directory
configure:5832: $? = 1
configure:5844: result: @
configure:5902: checking for strip
configure:5918: found /usr/bin/strip
configure:5929: result: strip
configure:6001: checking for ranlib
configure:6017: found /usr/bin/ranlib
configure:6028: result: ranlib
configure:6130: checking command to parse /usr/bin/nm -B output from gcc object
configure:6250: gcc -c -g -O2  conftest.c >&5
configure:6253: $? = 0
configure:6257: /usr/bin/nm -B conftest.o \| sed -n -e 's/^.*[ ]\([ABCDGIRSTW][ABCDGIRSTW]*\)[ ][ ]*\([_A-Za-z][_A-Za-z0-9]*\)$/\1 \2 \2/p' | sed '/ __gnu_lto/d' \> conftest.nm
configure:6260: $? = 0
configure:6326: gcc -o conftest -g -O2   conftest.c conftstm.o >&5
configure:6329: $? = 0
configure:6367: result: ok
configure:6404: checking for sysroot
configure:6434: result: no
configure:6690: checking for mt
configure:6706: found /bin/mt
configure:6717: result: mt
configure:6740: checking if mt is a manifest tool
configure:6746: mt '-?'
configure:6754: result: no
configure:7396: checking how to run the C preprocessor
configure:7427: gcc -E  conftest.c
configure:7427: $? = 0
configure:7441: gcc -E  conftest.c
conftest.c:9:28: fatal error: ac_nonexistent.h: No such file or directory
compilation terminated.
configure:7441: $? = 1
configure: failed program was:
| /* confdefs.h */
| #define PACKAGE_NAME "C Algorithms"
| #define PACKAGE_TARNAME "c-algorithms"
| #define PACKAGE_VERSION "1.2.0"
| #define PACKAGE_STRING "C Algorithms 1.2.0"
| #define PACKAGE_BUGREPORT "fraggle@users.sourceforge.net"
| #define PACKAGE_URL ""
| /* end confdefs.h.  */
| #include <ac_nonexistent.h>
configure:7466: result: gcc -E
configure:7486: gcc -E  conftest.c
configure:7486: $? = 0
configure:7500: gcc -E  conftest.c
conftest.c:9:28: fatal error: ac_nonexistent.h: No such file or directory
compilation terminated.
configure:7500: $? = 1
configure: failed program was:
| /* confdefs.h */
| #define PACKAGE_NAME "C Algorithms"
| #define PACKAGE_TARNAME "c-algorithms"
| #define PACKAGE_VERSION "1.2.0"
| #define PACKAGE_STRING "C Algorithms 1.2.0"
| #define PACKAGE_BUGREPORT "fraggle@users.sourceforge.net"
| #define PACKAGE_URL ""
| /* end confdefs.h.  */
| #include <ac_nonexistent.h>
configure:7529: checking for ANSI C header files
configure:7549: gcc -c -g -O2  conftest.c >&5
configure:7549: $? = 0
configure:7622: gcc -o conftest -g -O2   conftest.c  >&5
configure:7622: $? = 0
configure:7622: ./conftest
configure:7622: $? = 0
configure:7633: result: yes
configure:7646: checking for sys/types.h
configure:7646: gcc -c -g -O2  conftest.c >&5
configure:7646: $? = 0
configure:7646: result: yes
configure:7646: checking for sys/stat.h
configure:7646: gcc -c -g -O2  conftest.c >&5
configure:7646: $? = 0
configure:7646: result: yes
configure:7646: checking for stdlib.h
configure:7646: gcc -c -g -O2  conftest.c >&5
configure:7646: $? = 0
configure:7646: result: yes
configure:7646: checking for string.h
configure:7646: gcc -c -g -O2  conftest.c >&5
configure:7646: $? = 0
configure:7646: result: yes
configure:7646: checking for memory.h
configure:7646: gcc -c -g -O2  conftest.c >&5
configure:7646: $? = 0
configure:7646: result: yes
configure:7646: checking for strings.h
configure:7646: gcc -c -g -O2  conftest.c >&5
configure:7646: $? = 0
configure:7646: result: yes
configure:7646: checking for inttypes.h
configure:7646: gcc -c -g -O2  conftest.c >&5
configure:7646: $? = 0
configure:7646: result: yes
configure:7646: checking for stdint.h
configure:7646: gcc -c -g -O2  conftest.c >&5
configure:7646: $? = 0
configure:7646: result: yes
configure:7646: checking for unistd.h
configure:7646: gcc -c -g -O2  conftest.c >&5
configure:7646: $? = 0
configure:7646: result: yes
configure:7660: checking for dlfcn.h
configure:7660: gcc -c -g -O2  conftest.c >&5
configure:7660: $? = 0
configure:7660: result: yes
configure:7877: checking for objdir
configure:7892: result: .libs
configure:8159: checking if gcc supports -fno-rtti -fno-exceptions
configure:8177: gcc -c -g -O2  -fno-rtti -fno-exceptions conftest.c >&5
cc1: warning: command line option '-fno-rtti' is valid for C++/ObjC++ but not for C [enabled by default]
configure:8181: $? = 0
configure:8194: result: no
configure:8521: checking for gcc option to produce PIC
configure:8528: result: -fPIC -DPIC
configure:8536: checking if gcc PIC flag -fPIC -DPIC works
configure:8554: gcc -c -g -O2  -fPIC -DPIC -DPIC conftest.c >&5
configure:8558: $? = 0
configure:8571: result: yes
configure:8600: checking if gcc static flag -static works
configure:8628: result: yes
configure:8643: checking if gcc supports -c -o file.o
configure:8664: gcc -c -g -O2  -o out/conftest2.o conftest.c >&5
configure:8668: $? = 0
configure:8690: result: yes
configure:8698: checking if gcc supports -c -o file.o
configure:8745: result: yes
configure:8778: checking whether the gcc linker (/usr/bin/ld) supports shared libraries
configure:9935: result: yes
configure:9972: checking whether -lc should be explicitly linked in
configure:9980: gcc -c -g -O2  conftest.c >&5
configure:9983: $? = 0
configure:9998: gcc -shared  -fPIC -DPIC conftest.o  -v -Wl,-soname -Wl,conftest -o conftest 2\>\&1 \| /bin/grep  -lc  \>/dev/null 2\>\&1
configure:10001: $? = 0
configure:10015: result: no
configure:10175: checking dynamic linker characteristics
configure:10686: gcc -o conftest -g -O2   -Wl,-rpath -Wl,/foo conftest.c  >&5
configure:10686: $? = 0
configure:10920: result: GNU/Linux ld.so
configure:11027: checking how to hardcode library paths into programs
configure:11052: result: immediate
configure:11592: checking whether stripping libraries is possible
configure:11597: result: yes
configure:11632: checking if libtool supports shared libraries
configure:11634: result: yes
configure:11637: checking whether to build shared libraries
configure:11658: result: yes
configure:11661: checking whether to build static libraries
configure:11665: result: yes
configure:11688: checking how to run the C++ preprocessor
configure:11715: g++ -E  conftest.cpp
configure:11715: $? = 0
configure:11729: g++ -E  conftest.cpp
conftest.cpp:21:28: fatal error: ac_nonexistent.h: No such file or directory
compilation terminated.
configure:11729: $? = 1
configure: failed program was:
| /* confdefs.h */
| #define PACKAGE_NAME "C Algorithms"
| #define PACKAGE_TARNAME "c-algorithms"
| #define PACKAGE_VERSION "1.2.0"
| #define PACKAGE_STRING "C Algorithms 1.2.0"
| #define PACKAGE_BUGREPORT "fraggle@users.sourceforge.net"
| #define PACKAGE_URL ""
| #define STDC_HEADERS 1
| #define HAVE_SYS_TYPES_H 1
| #define HAVE_SYS_STAT_H 1
| #define HAVE_STDLIB_H 1
| #define HAVE_STRING_H 1
| #define HAVE_MEMORY_H 1
| #define HAVE_STRINGS_H 1
| #define HAVE_INTTYPES_H 1
| #define HAVE_STDINT_H 1
| #define HAVE_UNISTD_H 1
| #define HAVE_DLFCN_H 1
| #define LT_OBJDIR ".libs/"
| /* end confdefs.h.  */
| #include <ac_nonexistent.h>
configure:11754: result: g++ -E
configure:11774: g++ -E  conftest.cpp
configure:11774: $? = 0
configure:11788: g++ -E  conftest.cpp
conftest.cpp:21:28: fatal error: ac_nonexistent.h: No such file or directory
compilation terminated.
configure:11788: $? = 1
configure: failed program was:
| /* confdefs.h */
| #define PACKAGE_NAME "C Algorithms"
| #define PACKAGE_TARNAME "c-algorithms"
| #define PACKAGE_VERSION "1.2.0"
| #define PACKAGE_STRING "C Algorithms 1.2.0"
| #define PACKAGE_BUGREPORT "fraggle@users.sourceforge.net"
| #define PACKAGE_URL ""
| #define STDC_HEADERS 1
| #define HAVE_SYS_TYPES_H 1
| #define HAVE_SYS_STAT_H 1
| #define HAVE_STDLIB_H 1
| #define HAVE_STRING_H 1
| #define HAVE_MEMORY_H 1
| #define HAVE_STRINGS_H 1
| #define HAVE_INTTYPES_H 1
| #define HAVE_STDINT_H 1
| #define HAVE_UNISTD_H 1
| #define HAVE_DLFCN_H 1
| #define LT_OBJDIR ".libs/"
| /* end confdefs.h.  */
| #include <ac_nonexistent.h>
configure:11957: checking for ld used by g++
configure:12024: result: /usr/bin/ld
configure:12031: checking if the linker (/usr/bin/ld) is GNU ld
configure:12046: result: yes
configure:12101: checking whether the g++ linker (/usr/bin/ld) supports shared libraries
configure:13106: result: yes
configure:13142: g++ -c -g -O2  conftest.cpp >&5
configure:13145: $? = 0
configure:13665: checking for g++ option to produce PIC
configure:13672: result: -fPIC -DPIC
configure:13680: checking if g++ PIC flag -fPIC -DPIC works
configure:13698: g++ -c -g -O2  -fPIC -DPIC -DPIC conftest.cpp >&5
configure:13702: $? = 0
configure:13715: result: yes
configure:13738: checking if g++ static flag -static works
configure:13766: result: yes
configure:13778: checking if g++ supports -c -o file.o
configure:13799: g++ -c -g -O2  -o out/conftest2.o conftest.cpp >&5
configure:13803: $? = 0
configure:13825: result: yes
configure:13830: checking if g++ supports -c -o file.o
configure:13877: result: yes
configure:13907: checking whether the g++ linker (/usr/bin/ld) supports shared libraries
configure:13946: result: yes
configure:14087: checking dynamic linker characteristics
configure:14766: result: GNU/Linux ld.so
configure:14819: checking how to hardcode library paths into programs
configure:14844: result: immediate
configure:14906: checking whether make sets $(MAKE)
configure:14928: result: yes
configure:15187: creating ./config.status

## ---------------------- ##
## Running config.status. ##
## ---------------------- ##

This file was extended by C Algorithms config.status 1.2.0, which was
generated by GNU Autoconf 2.68.  Invocation command line was

  CONFIG_FILES    = 
  CONFIG_HEADERS  = 
  CONFIG_LINKS    = 
  CONFIG_COMMANDS = 
  $ ./config.status 

on ubuntu

config.status:1159: creating Makefile
config.status:1159: creating libcalg-1.0.pc
config.status:1159: creating doc/Makefile
config.status:1159: creating src/Makefile
config.status:1159: creating test/Makefile
config.status:1159: creating config.h
config.status:1340: config.h is unchanged
config.status:1388: executing depfiles commands
config.status:1388: executing libtool commands

## ---------------- ##
## Cache variables. ##
## ---------------- ##

ac_cv_build=i686-pc-linux-gnu
ac_cv_c_compiler_gnu=yes
ac_cv_cxx_compiler_gnu=yes
ac_cv_env_CCC_set=
ac_cv_env_CCC_value=
ac_cv_env_CC_set=
ac_cv_env_CC_value=
ac_cv_env_CFLAGS_set=
ac_cv_env_CFLAGS_value=
ac_cv_env_CPPFLAGS_set=
ac_cv_env_CPPFLAGS_value=
ac_cv_env_CPP_set=
ac_cv_env_CPP_value=
ac_cv_env_CXXCPP_set=
ac_cv_env_CXXCPP_value=
ac_cv_env_CXXFLAGS_set=
ac_cv_env_CXXFLAGS_value=
ac_cv_env_CXX_set=
ac_cv_env_CXX_value=
ac_cv_env_LDFLAGS_set=
ac_cv_env_LDFLAGS_value=
ac_cv_env_LIBS_set=
ac_cv_env_LIBS_value=
ac_cv_env_build_alias_set=
ac_cv_env_build_alias_value=
ac_cv_env_host_alias_set=
ac_cv_env_host_alias_value=
ac_cv_env_target_alias_set=
ac_cv_env_target_alias_value=
ac_cv_header_dlfcn_h=yes
ac_cv_header_inttypes_h=yes
ac_cv_header_memory_h=yes
ac_cv_header_stdc=yes
ac_cv_header_stdint_h=yes
ac_cv_header_stdlib_h=yes
ac_cv_header_string_h=yes
ac_cv_header_strings_h=yes
ac_cv_header_sys_stat_h=yes
ac_cv_header_sys_types_h=yes
ac_cv_header_unistd_h=yes
ac_cv_host=i686-pc-linux-gnu
ac_cv_objext=o
ac_cv_path_EGREP='/bin/grep -E'
ac_cv_path_FGREP='/bin/grep -F'
ac_cv_path_GREP=/bin/grep
ac_cv_path_SED=/bin/sed
ac_cv_path_install='/usr/bin/install -c'
ac_cv_path_mkdir=/bin/mkdir
ac_cv_prog_AWK=mawk
ac_cv_prog_CPP='gcc -E'
ac_cv_prog_CXXCPP='g++ -E'
ac_cv_prog_ac_ct_AR=ar
ac_cv_prog_ac_ct_CC=gcc
ac_cv_prog_ac_ct_CXX=g++
ac_cv_prog_ac_ct_MANIFEST_TOOL=mt
ac_cv_prog_ac_ct_OBJDUMP=objdump
ac_cv_prog_ac_ct_RANLIB=ranlib
ac_cv_prog_ac_ct_STRIP=strip
ac_cv_prog_cc_c89=
ac_cv_prog_cc_g=yes
ac_cv_prog_cxx_g=yes
ac_cv_prog_make_make_set=yes
am_cv_CC_dependencies_compiler_type=gcc3
am_cv_CXX_dependencies_compiler_type=gcc3
lt_cv_ar_at_file=@
lt_cv_archive_cmds_need_lc=no
lt_cv_deplibs_check_method=pass_all
lt_cv_file_magic_cmd='$MAGIC_CMD'
lt_cv_file_magic_test_file=
lt_cv_ld_reload_flag=-r
lt_cv_nm_interface='BSD nm'
lt_cv_objdir=.libs
lt_cv_path_LD=/usr/bin/ld
lt_cv_path_LDCXX=/usr/bin/ld
lt_cv_path_NM='/usr/bin/nm -B'
lt_cv_path_mainfest_tool=no
lt_cv_prog_compiler_c_o=yes
lt_cv_prog_compiler_c_o_CXX=yes
lt_cv_prog_compiler_pic='-fPIC -DPIC'
lt_cv_prog_compiler_pic_CXX='-fPIC -DPIC'
lt_cv_prog_compiler_pic_works=yes
lt_cv_prog_compiler_pic_works_CXX=yes
lt_cv_prog_compiler_rtti_exceptions=no
lt_cv_prog_compiler_static_works=yes
lt_cv_prog_compiler_static_works_CXX=yes
lt_cv_prog_gnu_ld=yes
lt_cv_prog_gnu_ldcxx=yes
lt_cv_sharedlib_from_linklib_cmd='printf %s\n'
lt_cv_shlibpath_overrides_runpath=no
lt_cv_sys_global_symbol_pipe='sed -n -e '\''s/^.*[	 ]\([ABCDGIRSTW][ABCDGIRSTW]*\)[	 ][	 ]*\([_A-Za-z][_A-Za-z0-9]*\)$/\1 \2 \2/p'\'' | sed '\''/ __gnu_lto/d'\'''
lt_cv_sys_global_symbol_to_c_name_address='sed -n -e '\''s/^: \([^ ]*\)[ ]*$/  {\"\1\", (void *) 0},/p'\'' -e '\''s/^[ABCDGIRSTW]* \([^ ]*\) \([^ ]*\)$/  {"\2", (void *) \&\2},/p'\'''
lt_cv_sys_global_symbol_to_c_name_address_lib_prefix='sed -n -e '\''s/^: \([^ ]*\)[ ]*$/  {\"\1\", (void *) 0},/p'\'' -e '\''s/^[ABCDGIRSTW]* \([^ ]*\) \(lib[^ ]*\)$/  {"\2", (void *) \&\2},/p'\'' -e '\''s/^[ABCDGIRSTW]* \([^ ]*\) \([^ ]*\)$/  {"lib\2", (void *) \&\2},/p'\'''
lt_cv_sys_global_symbol_to_cdecl='sed -n -e '\''s/^T .* \(.*\)$/extern int \1();/p'\'' -e '\''s/^[ABCDGIRSTW]* .* \(.*\)$/extern char \1;/p'\'''
lt_cv_sys_max_cmd_len=1572864
lt_cv_to_host_file_cmd=func_convert_file_noop
lt_cv_to_tool_file_cmd=func_convert_file_noop

## ----------------- ##
## Output variables. ##
## ----------------- ##

ACLOCAL='${SHELL} /home/cocui/c-algorithms-master/autotools/missing --run aclocal-1.11'
AMDEPBACKSLASH='\'
AMDEP_FALSE='#'
AMDEP_TRUE=''
AMTAR='$${TAR-tar}'
AR='ar'
AUTOCONF='${SHELL} /home/cocui/c-algorithms-master/autotools/missing --run autoconf'
AUTOHEADER='${SHELL} /home/cocui/c-algorithms-master/autotools/missing --run autoheader'
AUTOMAKE='${SHELL} /home/cocui/c-algorithms-master/autotools/missing --run automake-1.11'
AWK='mawk'
CC='gcc'
CCDEPMODE='depmode=gcc3'
CFLAGS=''
CPP='gcc -E'
CPPFLAGS=''
CXX='g++'
CXXCPP='g++ -E'
CXXDEPMODE='depmode=gcc3'
CXXFLAGS='-g -O2'
CYGPATH_W='echo'
DEFS='-DHAVE_CONFIG_H'
DEPDIR='.deps'
DLLTOOL='false'
DSYMUTIL=''
DUMPBIN=''
ECHO_C=''
ECHO_N='-n'
ECHO_T=''
EGREP='/bin/grep -E'
EXEEXT=''
FGREP='/bin/grep -F'
GREP='/bin/grep'
HAVE_VALGRIND=''
INSTALL_DATA='${INSTALL} -m 644'
INSTALL_PROGRAM='${INSTALL}'
INSTALL_SCRIPT='${INSTALL}'
INSTALL_STRIP_PROGRAM='$(install_sh) -c -s'
LD='/usr/bin/ld'
LDFLAGS=''
LIBOBJS=''
LIBS=''
LIBTOOL='$(SHELL) $(top_builddir)/libtool'
LIPO=''
LN_S='ln -s'
LTLIBOBJS=''
MAIN_CFLAGS='-g -O2 -Wall -Wsign-compare -Wconversion'
MAKEINFO='${SHELL} /home/cocui/c-algorithms-master/autotools/missing --run makeinfo'
MANIFEST_TOOL=':'
MKDIR_P='/bin/mkdir -p'
NM='/usr/bin/nm -B'
NMEDIT=''
OBJDUMP='objdump'
OBJEXT='o'
OTOOL64=''
OTOOL=''
PACKAGE='c-algorithms'
PACKAGE_BUGREPORT='fraggle@users.sourceforge.net'
PACKAGE_NAME='C Algorithms'
PACKAGE_STRING='C Algorithms 1.2.0'
PACKAGE_TARNAME='c-algorithms'
PACKAGE_URL=''
PACKAGE_VERSION='1.2.0'
PATH_SEPARATOR=':'
RANLIB='ranlib'
SED='/bin/sed'
SET_MAKE=''
SHELL='/bin/bash'
STRIP='strip'
TEST_CFLAGS=' -Wall -Wsign-compare -Wconversion -O0'
USE_VALGRIND_FALSE=''
USE_VALGRIND_TRUE='#'
VERSION='1.2.0'
ac_aux_dir='autotools'
ac_ct_AR='ar'
ac_ct_CC='gcc'
ac_ct_CXX='g++'
ac_ct_DUMPBIN=''
am__EXEEXT_FALSE=''
am__EXEEXT_TRUE='#'
am__fastdepCC_FALSE='#'
am__fastdepCC_TRUE=''
am__fastdepCXX_FALSE='#'
am__fastdepCXX_TRUE=''
am__include='include'
am__isrc=''
am__leading_dot='.'
am__nodep='_no'
am__quote=''
am__tar='$${TAR-tar} chof - "$$tardir"'
am__untar='$${TAR-tar} xf -'
bindir='${exec_prefix}/bin'
build='i686-pc-linux-gnu'
build_alias=''
build_cpu='i686'
build_os='linux-gnu'
build_vendor='pc'
datadir='${datarootdir}'
datarootdir='${prefix}/share'
docdir='${datarootdir}/doc/${PACKAGE_TARNAME}'
dvidir='${docdir}'
exec_prefix='${prefix}'
host='i686-pc-linux-gnu'
host_alias=''
host_cpu='i686'
host_os='linux-gnu'
host_vendor='pc'
htmldir='${docdir}'
includedir='${prefix}/include'
infodir='${datarootdir}/info'
install_sh='${SHELL} /home/cocui/c-algorithms-master/autotools/install-sh'
libdir='${exec_prefix}/lib'
libexecdir='${exec_prefix}/libexec'
localedir='${datarootdir}/locale'
localstatedir='${prefix}/var'
mandir='${datarootdir}/man'
mkdir_p='/bin/mkdir -p'
oldincludedir='/usr/include'
pdfdir='${docdir}'
prefix='/home/cocui/bin'
program_transform_name='s,x,x,'
psdir='${docdir}'
sbindir='${exec_prefix}/sbin'
sharedstatedir='${prefix}/com'
sysconfdir='${prefix}/etc'
target_alias=''

## ----------- ##
## confdefs.h. ##
## ----------- ##

/* confdefs.h */
#define PACKAGE_NAME "C Algorithms"
#define PACKAGE_TARNAME "c-algorithms"
#define PACKAGE_VERSION "1.2.0"
#define PACKAGE_STRING "C Algorithms 1.2.0"
#define PACKAGE_BUGREPORT "fraggle@users.sourceforge.net"
#define PACKAGE_URL ""
#define STDC_HEADERS 1
#define HAVE_SYS_TYPES_H 1
#define HAVE_SYS_STAT_H 1
#define HAVE_STDLIB_H 1
#define HAVE_STRING_H 1
#define HAVE_MEMORY_H 1
#define HAVE_STRINGS_H 1
#define HAVE_INTTYPES_H 1
#define HAVE_STDINT_H 1
#define HAVE_UNISTD_H 1
#define HAVE_DLFCN_H 1
#define LT_OBJDIR ".libs/"

configure: exit 0
